<?xml version="1.0" encoding="UTF-8"?>
<!-- Generated by org.testng.reporters.JUnitReportReporter -->
<testsuite hostname="Sakib" failures="0" tests="3" name="AllTests.Search" time="6.553" errors="0" timestamp="2024-10-16T13:52:52 BDT" skipped="0">
  <testcase classname="AllTests.Search" name="verifySearchFieldValidInputs" time="2.222"/>
  <system-out/>
  <testcase classname="AllTests.Search" name="verifySearchFieldInvalidInputs" time="2.093"/>
  <system-out/>
  <testcase classname="AllTests.Search" name="verifySearchFieldNullInputs" time="2.238"/>
  <system-out/>
</testsuite> <!-- AllTests.Search -->
