<?xml version="1.0" encoding="UTF-8"?>
<!-- Generated by org.testng.reporters.JUnitReportReporter -->
<testsuite hostname="Sakib" failures="0" tests="3" name="AllTests.OpencartLogin" time="8.843" errors="0" timestamp="2024-10-16T13:52:52 BDT" skipped="0">
  <testcase classname="AllTests.OpencartLogin" name="verifyLogin" time="3.076"/>
  <system-out/>
  <testcase classname="AllTests.OpencartLogin" name="verifyLoginInvalidCreds" time="2.859"/>
  <system-out/>
  <testcase classname="AllTests.OpencartLogin" name="verifyLoginInvalidPass" time="2.908"/>
  <system-out/>
</testsuite> <!-- AllTests.OpencartLogin -->
