<?xml version="1.0" encoding="UTF-8"?>
<!-- Generated by org.testng.reporters.JUnitReportReporter -->
<testsuite hostname="Sakib" failures="0" tests="3" name="AllTests.OpencartLogin" time="8.630" errors="0" timestamp="2024-10-14T12:38:24 BDT" skipped="0">
  <testcase classname="AllTests.OpencartLogin" name="verifyLogin" time="2.754"/>
  <system-out/>
  <testcase classname="AllTests.OpencartLogin" name="verifyLoginInvalidCreds" time="2.975"/>
  <system-out/>
  <testcase classname="AllTests.OpencartLogin" name="verifyLoginInvalidPass" time="2.901"/>
  <system-out/>
</testsuite> <!-- AllTests.OpencartLogin -->
