<?xml version="1.0" encoding="UTF-8"?>
<!-- Generated by org.testng.reporters.JUnitReportReporter -->
<testsuite hostname="Sakib" failures="0" tests="3" name="AllTests.Search" time="8.631" errors="0" timestamp="2024-10-14T14:26:30 BDT" skipped="0">
  <testcase classname="AllTests.Search" name="verifySearchFieldValidInputs" time="2.344"/>
  <system-out/>
  <testcase classname="AllTests.Search" name="verifySearchFieldInvalidInputs" time="2.349"/>
  <system-out/>
  <testcase classname="AllTests.Search" name="verifySearchFieldNullInputs" time="3.938"/>
  <system-out/>
</testsuite> <!-- AllTests.Search -->
