<?xml version="1.0" encoding="UTF-8"?>
<!-- Generated by org.testng.reporters.JUnitReportReporter -->
<testsuite hostname="Sakib" failures="0" tests="4" name="AllTests.RegisterAuth" time="14.366" errors="0" timestamp="2024-10-16T13:52:52 BDT" skipped="0">
  <testcase classname="AllTests.RegisterAuth" name="verifyRegisterWithMandatoryFields" time="5.309"/>
  <system-out/>
  <testcase classname="AllTests.RegisterAuth" name="verifyLoginWithAllFields" time="3.109"/>
  <system-out/>
  <testcase classname="AllTests.RegisterAuth" name="verifyRegisterLoginWithExistingEmail" time="3.162"/>
  <system-out/>
  <testcase classname="AllTests.RegisterAuth" name="verifyRegisterAccWithoutAnyDetails" time="2.786"/>
  <system-out/>
</testsuite> <!-- AllTests.RegisterAuth -->
