<?xml version="1.0" encoding="UTF-8"?>
<!-- Generated by org.testng.reporters.JUnitReportReporter -->
<testsuite hostname="Sakib" failures="0" tests="4" name="AllTests.RegisterAuth" time="13.349" errors="0" timestamp="2024-10-14T12:38:24 BDT" skipped="0">
  <testcase classname="AllTests.RegisterAuth" name="verifyRegisterWithMandatoryFields" time="4.182"/>
  <system-out/>
  <testcase classname="AllTests.RegisterAuth" name="verifyLoginWithAllFields" time="3.584"/>
  <system-out/>
  <testcase classname="AllTests.RegisterAuth" name="verifyRegisterLoginWithExistingEmail" time="3.019"/>
  <system-out/>
  <testcase classname="AllTests.RegisterAuth" name="verifyRegisterAccWithoutAnyDetails" time="2.564"/>
  <system-out/>
</testsuite> <!-- AllTests.RegisterAuth -->
